<?xml version="1.0" encoding="UTF-8"?>
<!-- Generated by org.testng.reporters.JUnitReportReporter -->
<testsuite hostname="Tohidurs-Air" failures="0" tests="2" name="nestOne.javaMaven.RestApiTest" time="0.001" errors="0" timestamp="2020-06-25T19:04:07 BST" skipped="0">
  <testcase classname="nestOne.javaMaven.RestApiTest" name="deleteTwitter" time="0.001"/>
  <system-out/>
  <testcase classname="nestOne.javaMaven.RestApiTest" name="postJira" time="0.000"/>
  <system-out/>
</testsuite> <!-- nestOne.javaMaven.RestApiTest -->
