<?xml version="1.0" encoding="UTF-8"?>
<!-- Generated by org.testng.reporters.JUnitReportReporter -->
<testsuite hostname="Tohidurs-Air" failures="0" tests="2" name="nestOne.javaMaven.AppiumTest" time="0.007" errors="0" timestamp="2020-06-25T19:04:07 BST" skipped="0">
  <testcase classname="nestOne.javaMaven.AppiumTest" name="IOSApps" time="0.006"/>
  <system-out/>
  <testcase classname="nestOne.javaMaven.AppiumTest" name="NativeAppAndroid" time="0.001"/>
  <system-out/>
</testsuite> <!-- nestOne.javaMaven.AppiumTest -->
