<?xml version="1.0" encoding="UTF-8"?>
<!-- Generated by org.testng.reporters.JUnitReportReporter -->
<testsuite hostname="Tohidurs-MacBook-Air.local" failures="0" tests="1" name="nestOne.javaMaven.validateNavigationBar" time="1.147" errors="0" timestamp="2020-08-19T15:49:55 BST" skipped="0">
  <testcase classname="nestOne.javaMaven.validateNavigationBar" name="basepagenavigation" time="1.147"/>
  <system-out/>
</testsuite> <!-- nestOne.javaMaven.validateNavigationBar -->
