<?xml version="1.0" encoding="UTF-8"?>
<!-- Generated by org.testng.reporters.JUnitReportReporter -->
<testsuite hostname="Tohidurs-MacBook-Air.local" failures="0" tests="2" name="nestOne.javaMaven.homepageqa" time="11.958" errors="0" timestamp="2020-08-19T15:49:55 BST" skipped="0">
  <testcase classname="nestOne.javaMaven.homepageqa" name="basepagenavigation" time="4.325"/>
  <system-out/>
  <testcase classname="nestOne.javaMaven.homepageqa" name="basepagenavigation" time="7.633"/>
  <system-out/>
</testsuite> <!-- nestOne.javaMaven.homepageqa -->
