<?xml version="1.0" encoding="UTF-8"?>
<!-- Generated by org.testng.reporters.JUnitReportReporter -->
<testsuite hostname="Tohidurs-MacBook-Air.local" failures="0" tests="4" name="javaMaven.homepage" time="39.245" errors="0" timestamp="2020-09-01T17:17:30 BST" skipped="0">
  <testcase classname="javaMaven.homepage" name="bassepage" time="7.957"/>
  <system-out/>
  <testcase classname="javaMaven.homepage" name="bassepage" time="7.011"/>
  <system-out/>
  <testcase classname="javaMaven.homepage" name="bassepage" time="14.291"/>
  <system-out/>
  <testcase classname="javaMaven.homepage" name="bassepage" time="9.986"/>
  <system-out/>
</testsuite> <!-- javaMaven.homepage -->
