<?xml version="1.0" encoding="UTF-8"?>
<!-- Generated by org.testng.reporters.JUnitReportReporter -->
<testsuite hostname="Tohidurs-MacBook-Air.local" failures="0" tests="1" name="nestOne.javaMaven.HomePage" time="6.636" errors="0" timestamp="2020-08-19T15:51:56 BST" skipped="0">
  <testcase classname="nestOne.javaMaven.HomePage" name="basePageNavigation" time="6.636"/>
  <system-out/>
</testsuite> <!-- nestOne.javaMaven.HomePage -->
