<?xml version="1.0" encoding="UTF-8"?>
<!-- Generated by org.testng.reporters.JUnitReportReporter -->
<testsuite hostname="Tohidurs-MacBook-Air.local" failures="0" tests="4" name="javaMaven.homepage" time="30.439" errors="0" timestamp="2020-10-04T14:54:32 BST" skipped="0">
  <testcase classname="javaMaven.homepage" name="bassepage" time="6.515"/>
  <system-out/>
  <testcase classname="javaMaven.homepage" name="bassepage" time="11.223"/>
  <system-out/>
  <testcase classname="javaMaven.homepage" name="bassepage" time="6.367"/>
  <system-out/>
  <testcase classname="javaMaven.homepage" name="bassepage" time="6.334"/>
  <system-out/>
</testsuite> <!-- javaMaven.homepage -->
