<?xml version="1.0" encoding="UTF-8"?>
<!-- Generated by org.testng.reporters.JUnitReportReporter -->
<testsuite hostname="Tohidurs-MacBook-Air.local" failures="0" tests="3" name="creatingExtendReports.extendReportRahul" time="4.274" errors="0" timestamp="2020-10-10T19:28:20 BST" skipped="0">
  <testcase classname="creatingExtendReports.extendReportRahul" name="getTitle" time="0.040"/>
  <system-out/>
  <testcase classname="creatingExtendReports.extendReportRahul" name="getalert" time="4.043"/>
  <system-out/>
  <testcase classname="creatingExtendReports.extendReportRahul" name="suggestion" time="0.191"/>
  <system-out/>
</testsuite> <!-- creatingExtendReports.extendReportRahul -->
