<?xml version="1.0" encoding="UTF-8"?>
<!-- Generated by org.testng.reporters.JUnitReportReporter -->
<testsuite hostname="Tohidurs-MacBook-Air.local" failures="0" tests="3" name="javaMaven.secondTestRun" time="1.121" errors="0" timestamp="2020-09-01T17:30:31 BST" skipped="0">
  <testcase classname="javaMaven.secondTestRun" name="validationlogo" time="0.031"/>
  <system-out/>
  <testcase classname="javaMaven.secondTestRun" name="basepage" time="0.656"/>
  <system-out/>
  <testcase classname="javaMaven.secondTestRun" name="takeScreenShot" time="0.434"/>
  <system-out/>
</testsuite> <!-- javaMaven.secondTestRun -->
