<?xml version="1.0" encoding="UTF-8"?>
<!-- Generated by org.testng.reporters.JUnitReportReporter -->
<testsuite hostname="Tohidurs-MacBook-Air.local" failures="0" tests="1" name="creatingExtendReports.ExtendReportDemo" time="6.298" errors="0" timestamp="2020-10-04T17:53:44 BST" skipped="0">
  <testcase classname="creatingExtendReports.ExtendReportDemo" name="initialDemo" time="6.298"/>
  <system-out/>
</testsuite> <!-- creatingExtendReports.ExtendReportDemo -->
