<?xml version="1.0" encoding="UTF-8"?>
<!-- Generated by org.testng.reporters.JUnitReportReporter -->
<testsuite hostname="Tohidurs-MacBook-Air.local" failures="0" tests="2" name="nestOne.javaMaven.homepageqa" time="11.641" errors="0" timestamp="2020-08-06T16:30:30 BST" skipped="0">
  <testcase classname="nestOne.javaMaven.homepageqa" name="basepagenavigation" time="7.617"/>
  <system-out/>
  <testcase classname="nestOne.javaMaven.homepageqa" name="basepagenavigation" time="4.024"/>
  <system-out/>
</testsuite> <!-- nestOne.javaMaven.homepageqa -->
