<?xml version="1.0" encoding="UTF-8"?>
<!-- Generated by org.testng.reporters.JUnitReportReporter -->
<testsuite hostname="Tohidurs-MacBook-Air.local" failures="0" tests="1" name="nestOne.javaMaven.validateTitle" time="0.932" errors="0" timestamp="2020-08-06T16:30:30 BST" skipped="0">
  <testcase classname="nestOne.javaMaven.validateTitle" name="basepagenavigation" time="0.932"/>
  <system-out/>
</testsuite> <!-- nestOne.javaMaven.validateTitle -->
